{
  "RSpec": {
    "coverage": {
      "/Users/richardwise/Documents/RailsProjects/mealscheduler/config/environment.rb": {
        "lines": [
          null,
          1,
          null,
          null,
          1
        ]
      },
      "/Users/richardwise/Documents/RailsProjects/mealscheduler/config/application.rb": {
        "lines": [
          1,
          null,
          1,
          null,
          1,
          1,
          1,
          1,
          1,
          1,
          1,
          1,
          1,
          1,
          1,
          1,
          null,
          null,
          null,
          null,
          1,
          null,
          1,
          1,
          null,
          1,
          null,
          null,
          null,
          null,
          null,
          null,
          null,
          1,
          null,
          null
        ]
      },
      "/Users/richardwise/Documents/RailsProjects/mealscheduler/config/boot.rb": {
        "lines": [
          1,
          null,
          1,
          1
        ]
      },
      "/Users/richardwise/Documents/RailsProjects/mealscheduler/config/environments/test.rb": {
        "lines": [
          null,
          null,
          null,
          null,
          null,
          1,
          null,
          null,
          1,
          null,
          null,
          null,
          null,
          1,
          null,
          null,
          1,
          1,
          null,
          null,
          null,
          null,
          1,
          1,
          1,
          null,
          null,
          1,
          null,
          null,
          1,
          null,
          null,
          1,
          null,
          1,
          null,
          null,
          null,
          null,
          1,
          null,
          null,
          1,
          null,
          null,
          null,
          null
        ]
      },
      "/Users/richardwise/Documents/RailsProjects/mealscheduler/config/initializers/application_controller_renderer.rb": {
        "lines": [
          null,
          null,
          null,
          null,
          null,
          null,
          null,
          null
        ]
      },
      "/Users/richardwise/Documents/RailsProjects/mealscheduler/config/initializers/assets.rb": {
        "lines": [
          null,
          null,
          null,
          1,
          null,
          null,
          null,
          null,
          1,
          null,
          null,
          null,
          null,
          null
        ]
      },
      "/Users/richardwise/Documents/RailsProjects/mealscheduler/config/initializers/backtrace_silencers.rb": {
        "lines": [
          null,
          null,
          null,
          null,
          null,
          null,
          null
        ]
      },
      "/Users/richardwise/Documents/RailsProjects/mealscheduler/config/initializers/content_security_policy.rb": {
        "lines": [
          null,
          null,
          null,
          null,
          null,
          null,
          null,
          null,
          null,
          null,
          null,
          null,
          null,
          null,
          null,
          null,
          null,
          null,
          null,
          null,
          null,
          null,
          null,
          null,
          null,
          null,
          null,
          null,
          null,
          null
        ]
      },
      "/Users/richardwise/Documents/RailsProjects/mealscheduler/config/initializers/cookies_serializer.rb": {
        "lines": [
          null,
          null,
          null,
          null,
          1
        ]
      },
      "/Users/richardwise/Documents/RailsProjects/mealscheduler/config/initializers/filter_parameter_logging.rb": {
        "lines": [
          null,
          null,
          null,
          1
        ]
      },
      "/Users/richardwise/Documents/RailsProjects/mealscheduler/config/initializers/inflections.rb": {
        "lines": [
          null,
          null,
          null,
          null,
          null,
          null,
          null,
          null,
          null,
          null,
          null,
          null,
          null,
          null,
          null,
          null
        ]
      },
      "/Users/richardwise/Documents/RailsProjects/mealscheduler/config/initializers/mime_types.rb": {
        "lines": [
          null,
          null,
          null,
          null
        ]
      },
      "/Users/richardwise/Documents/RailsProjects/mealscheduler/config/initializers/wrap_parameters.rb": {
        "lines": [
          null,
          null,
          null,
          null,
          null,
          null,
          1,
          2,
          null,
          null,
          null,
          null,
          null,
          null
        ]
      },
      "/Users/richardwise/Documents/RailsProjects/mealscheduler/spec/factories/cuisines.rb": {
        "lines": [
          1,
          1,
          7,
          7,
          null,
          null
        ]
      },
      "/Users/richardwise/Documents/RailsProjects/mealscheduler/spec/factories/meals.rb": {
        "lines": [
          1,
          1,
          7,
          7,
          null,
          null
        ]
      },
      "/Users/richardwise/Documents/RailsProjects/mealscheduler/spec/factories/users.rb": {
        "lines": [
          1,
          1,
          9,
          9,
          9,
          null,
          null
        ]
      },
      "/Users/richardwise/Documents/RailsProjects/mealscheduler/config/routes.rb": {
        "lines": [
          1,
          null,
          null
        ]
      },
      "/Users/richardwise/Documents/RailsProjects/mealscheduler/app/helpers/application_helper.rb": {
        "lines": [
          1,
          null
        ]
      },
      "/Users/richardwise/Documents/RailsProjects/mealscheduler/app/models/cuisine.rb": {
        "lines": [
          1,
          1,
          null,
          1,
          1,
          null
        ]
      },
      "/Users/richardwise/Documents/RailsProjects/mealscheduler/app/models/application_record.rb": {
        "lines": [
          1,
          1,
          null
        ]
      },
      "/Users/richardwise/Documents/RailsProjects/mealscheduler/spec/models/meal_spec.rb": {
        "lines": [
          1,
          null,
          1,
          7,
          1,
          2,
          null,
          1,
          1,
          1,
          null,
          2,
          2,
          2,
          2,
          null,
          null
        ]
      },
      "/Users/richardwise/Documents/RailsProjects/mealscheduler/app/models/meal.rb": {
        "lines": [
          1,
          1,
          null,
          1,
          1,
          null
        ]
      },
      "/Users/richardwise/Documents/RailsProjects/mealscheduler/spec/models/user_spec.rb": {
        "lines": [
          1,
          null,
          1,
          9,
          1,
          1,
          1,
          null,
          2,
          2,
          2,
          2,
          2,
          2,
          2,
          null,
          null
        ]
      },
      "/Users/richardwise/Documents/RailsProjects/mealscheduler/app/models/user.rb": {
        "lines": [
          1,
          null,
          1,
          1,
          1,
          null
        ]
      }
    },
    "timestamp": 1589337621
  }
}
