{
  "RSpec": {
    "coverage": {
      "/Users/richardwise/Documents/RailsProjects/mealscheduler/config/environment.rb": {
        "lines": [
          null,
          1,
          null,
          null,
          1
        ]
      },
      "/Users/richardwise/Documents/RailsProjects/mealscheduler/config/application.rb": {
        "lines": [
          1,
          null,
          1,
          null,
          1,
          1,
          1,
          1,
          1,
          1,
          1,
          1,
          1,
          1,
          1,
          1,
          null,
          null,
          null,
          null,
          1,
          null,
          1,
          1,
          null,
          1,
          null,
          null,
          null,
          null,
          null,
          null,
          null,
          1,
          null,
          null
        ]
      },
      "/Users/richardwise/Documents/RailsProjects/mealscheduler/config/boot.rb": {
        "lines": [
          1,
          null,
          1,
          1
        ]
      },
      "/Users/richardwise/Documents/RailsProjects/mealscheduler/config/environments/test.rb": {
        "lines": [
          null,
          null,
          null,
          null,
          null,
          1,
          null,
          null,
          1,
          null,
          null,
          null,
          null,
          1,
          null,
          null,
          1,
          1,
          null,
          null,
          null,
          null,
          1,
          1,
          1,
          null,
          null,
          1,
          null,
          null,
          1,
          null,
          null,
          1,
          null,
          1,
          null,
          null,
          null,
          null,
          1,
          null,
          null,
          1,
          null,
          null,
          null,
          null
        ]
      },
      "/Users/richardwise/Documents/RailsProjects/mealscheduler/config/initializers/application_controller_renderer.rb": {
        "lines": [
          null,
          null,
          null,
          null,
          null,
          null,
          null,
          null
        ]
      },
      "/Users/richardwise/Documents/RailsProjects/mealscheduler/config/initializers/assets.rb": {
        "lines": [
          null,
          null,
          null,
          1,
          null,
          null,
          null,
          null,
          1,
          null,
          null,
          null,
          null,
          null
        ]
      },
      "/Users/richardwise/Documents/RailsProjects/mealscheduler/config/initializers/backtrace_silencers.rb": {
        "lines": [
          null,
          null,
          null,
          null,
          null,
          null,
          null
        ]
      },
      "/Users/richardwise/Documents/RailsProjects/mealscheduler/config/initializers/content_security_policy.rb": {
        "lines": [
          null,
          null,
          null,
          null,
          null,
          null,
          null,
          null,
          null,
          null,
          null,
          null,
          null,
          null,
          null,
          null,
          null,
          null,
          null,
          null,
          null,
          null,
          null,
          null,
          null,
          null,
          null,
          null,
          null,
          null
        ]
      },
      "/Users/richardwise/Documents/RailsProjects/mealscheduler/config/initializers/cookies_serializer.rb": {
        "lines": [
          null,
          null,
          null,
          null,
          1
        ]
      },
      "/Users/richardwise/Documents/RailsProjects/mealscheduler/config/initializers/filter_parameter_logging.rb": {
        "lines": [
          null,
          null,
          null,
          1
        ]
      },
      "/Users/richardwise/Documents/RailsProjects/mealscheduler/config/initializers/inflections.rb": {
        "lines": [
          null,
          null,
          null,
          null,
          null,
          null,
          null,
          null,
          null,
          null,
          null,
          null,
          null,
          null,
          null,
          null
        ]
      },
      "/Users/richardwise/Documents/RailsProjects/mealscheduler/config/initializers/mime_types.rb": {
        "lines": [
          null,
          null,
          null,
          null
        ]
      },
      "/Users/richardwise/Documents/RailsProjects/mealscheduler/config/initializers/wrap_parameters.rb": {
        "lines": [
          null,
          null,
          null,
          null,
          null,
          null,
          1,
          2,
          null,
          null,
          null,
          null,
          null,
          null
        ]
      },
      "/Users/richardwise/Documents/RailsProjects/mealscheduler/spec/factories/cuisines.rb": {
        "lines": [
          null,
          null,
          1,
          1,
          32,
          32,
          null,
          null
        ]
      },
      "/Users/richardwise/Documents/RailsProjects/mealscheduler/spec/factories/day_meals.rb": {
        "lines": [
          null,
          null,
          1,
          1,
          1,
          1,
          null,
          null
        ]
      },
      "/Users/richardwise/Documents/RailsProjects/mealscheduler/spec/factories/days.rb": {
        "lines": [
          null,
          null,
          1,
          1,
          1,
          1,
          null,
          null
        ]
      },
      "/Users/richardwise/Documents/RailsProjects/mealscheduler/spec/factories/meals.rb": {
        "lines": [
          null,
          null,
          1,
          1,
          32,
          32,
          null,
          null
        ]
      },
      "/Users/richardwise/Documents/RailsProjects/mealscheduler/spec/factories/plans.rb": {
        "lines": [
          null,
          null,
          1,
          1,
          1,
          1,
          null,
          null
        ]
      },
      "/Users/richardwise/Documents/RailsProjects/mealscheduler/spec/factories/recipes.rb": {
        "lines": [
          null,
          null,
          1,
          1,
          26,
          26,
          26,
          26,
          1,
          1,
          1,
          null,
          null
        ]
      },
      "/Users/richardwise/Documents/RailsProjects/mealscheduler/spec/factories/user_recipes.rb": {
        "lines": [
          null,
          null,
          1,
          1,
          1,
          1,
          3,
          3,
          null,
          null
        ]
      },
      "/Users/richardwise/Documents/RailsProjects/mealscheduler/spec/factories/users.rb": {
        "lines": [
          null,
          null,
          1,
          1,
          46,
          46,
          46,
          null,
          null
        ]
      },
      "/Users/richardwise/Documents/RailsProjects/mealscheduler/config/routes.rb": {
        "lines": [
          1,
          1,
          1,
          null,
          null
        ]
      },
      "/Users/richardwise/Documents/RailsProjects/mealscheduler/app/helpers/application_helper.rb": {
        "lines": [
          1,
          null
        ]
      },
      "/Users/richardwise/Documents/RailsProjects/mealscheduler/app/models/cuisine.rb": {
        "lines": [
          null,
          null,
          1,
          1,
          null,
          1,
          1,
          null
        ]
      },
      "/Users/richardwise/Documents/RailsProjects/mealscheduler/app/models/application_record.rb": {
        "lines": [
          null,
          null,
          1,
          1,
          null
        ]
      },
      "/Users/richardwise/Documents/RailsProjects/mealscheduler/spec/models/day_meal_spec.rb": {
        "lines": [
          null,
          null,
          1,
          null,
          1,
          1,
          2,
          2,
          null,
          null
        ]
      },
      "/Users/richardwise/Documents/RailsProjects/mealscheduler/app/models/day_meal.rb": {
        "lines": [
          null,
          null,
          1,
          1,
          1,
          null
        ]
      },
      "/Users/richardwise/Documents/RailsProjects/mealscheduler/spec/models/day_spec.rb": {
        "lines": [
          null,
          null,
          1,
          null,
          1,
          1,
          2,
          2,
          2,
          2,
          2,
          null,
          null,
          1,
          2,
          null,
          null
        ]
      },
      "/Users/richardwise/Documents/RailsProjects/mealscheduler/app/models/day.rb": {
        "lines": [
          null,
          null,
          1,
          null,
          1,
          1,
          1,
          1,
          1,
          null,
          null,
          1,
          null
        ]
      },
      "/Users/richardwise/Documents/RailsProjects/mealscheduler/spec/models/meal_spec.rb": {
        "lines": [
          null,
          null,
          1,
          null,
          1,
          7,
          null,
          1,
          2,
          null,
          null,
          1,
          1,
          1,
          null,
          null,
          2,
          2,
          2,
          2,
          null,
          null
        ]
      },
      "/Users/richardwise/Documents/RailsProjects/mealscheduler/app/models/meal.rb": {
        "lines": [
          null,
          null,
          1,
          1,
          null,
          1,
          1,
          null
        ]
      },
      "/Users/richardwise/Documents/RailsProjects/mealscheduler/spec/models/plan_spec.rb": {
        "lines": [
          null,
          null,
          1,
          null,
          1,
          1,
          2,
          2,
          2,
          null,
          null
        ]
      },
      "/Users/richardwise/Documents/RailsProjects/mealscheduler/app/models/plan.rb": {
        "lines": [
          null,
          null,
          1,
          1,
          1,
          1,
          null
        ]
      },
      "/Users/richardwise/Documents/RailsProjects/mealscheduler/spec/models/recipe_spec.rb": {
        "lines": [
          null,
          null,
          1,
          null,
          1,
          24,
          null,
          1,
          2,
          2,
          2,
          2,
          2,
          null,
          null,
          1,
          1,
          1,
          null,
          null,
          2,
          2,
          2,
          2,
          2,
          null,
          null,
          1,
          1,
          1,
          1,
          null,
          null,
          null,
          1,
          1,
          1,
          null,
          null,
          null,
          null,
          1,
          1,
          1,
          1,
          1,
          null,
          1,
          null,
          null,
          null,
          1,
          1,
          1,
          null,
          null,
          null,
          null,
          1,
          1,
          1,
          1,
          1,
          null,
          1,
          null,
          null,
          null,
          1,
          1,
          1,
          null,
          null,
          null,
          null,
          1,
          1,
          1,
          1,
          1,
          null,
          1,
          null,
          null,
          null,
          1,
          1,
          1,
          null,
          null,
          null,
          null,
          1,
          1,
          1,
          1,
          1,
          null,
          1,
          null,
          null,
          null,
          1,
          1,
          1,
          null,
          null,
          null,
          null,
          1,
          1,
          1,
          1,
          null,
          null,
          null,
          1,
          1,
          1,
          null,
          null,
          null,
          null
        ]
      },
      "/Users/richardwise/Documents/RailsProjects/mealscheduler/app/models/recipe.rb": {
        "lines": [
          null,
          null,
          1,
          null,
          1,
          1,
          1,
          1,
          1,
          null,
          1,
          1,
          1,
          null,
          null,
          null,
          null,
          1,
          2,
          null,
          1,
          null,
          null,
          1,
          4,
          null,
          null,
          1,
          4,
          null,
          null,
          1,
          2,
          null,
          1,
          null,
          null,
          1,
          2,
          null,
          1,
          null,
          null,
          1,
          2,
          null,
          1,
          null,
          null
        ]
      },
      "/Users/richardwise/Documents/RailsProjects/mealscheduler/spec/models/user_recipe_spec.rb": {
        "lines": [
          null,
          null,
          1,
          null,
          1,
          3,
          null,
          1,
          2,
          2,
          null,
          null
        ]
      },
      "/Users/richardwise/Documents/RailsProjects/mealscheduler/app/models/user_recipe.rb": {
        "lines": [
          null,
          null,
          1,
          1,
          1,
          null
        ]
      },
      "/Users/richardwise/Documents/RailsProjects/mealscheduler/spec/models/user_spec.rb": {
        "lines": [
          null,
          null,
          1,
          null,
          1,
          15,
          null,
          1,
          2,
          2,
          2,
          2,
          2,
          2,
          null,
          null,
          1,
          1,
          1,
          null,
          null,
          2,
          2,
          2,
          2,
          2,
          2,
          2,
          null,
          null
        ]
      },
      "/Users/richardwise/Documents/RailsProjects/mealscheduler/app/models/user.rb": {
        "lines": [
          null,
          null,
          1,
          null,
          1,
          6,
          6,
          1,
          1,
          1,
          null,
          null,
          1,
          1,
          1,
          null
        ]
      },
      "/Users/richardwise/Documents/RailsProjects/mealscheduler/spec/requests/pages_request_spec.rb": {
        "lines": [
          null,
          null,
          1,
          null,
          1,
          1,
          1,
          0,
          0,
          null,
          null,
          null
        ]
      },
      "/Users/richardwise/Documents/RailsProjects/mealscheduler/spec/services/recipes/recipe_scorer_spec.rb": {
        "lines": [
          null,
          null,
          1,
          null,
          1,
          1,
          1,
          1,
          null,
          null,
          null
        ]
      },
      "/Users/richardwise/Documents/RailsProjects/mealscheduler/app/services/recipes/recipe_scorer.rb": {
        "lines": [
          1,
          1,
          1,
          1,
          1,
          null,
          null,
          1,
          1,
          null,
          1,
          null,
          null,
          1,
          2,
          null,
          null,
          null
        ]
      },
      "/Users/richardwise/Documents/RailsProjects/mealscheduler/app/services/application_service.rb": {
        "lines": [
          1,
          1,
          1,
          null,
          null
        ]
      }
    },
    "timestamp": 1589847606
  }
}
